# JRE version: Java(TM) SE Runtime Environment (8.0_461) (build 1.8.0_461-b11)
# Java VM: Java HotSpot(TM) 64-Bit Server VM (25.461-b11 mixed mode windows-amd64 compressed oops)
Heap:
 PSYoungGen      total 7168K, used 2943K [0x000000076b580000, 0x000000076bf80000, 0x00000007c0000000)
  eden space 4096K, 25% used [0x000000076b580000,0x000000076b687f38,0x000000076b980000)
  from space 3072K, 61% used [0x000000076b980000,0x000000076bb58000,0x000000076bc80000)
  to   space 3072K, 0% used [0x000000076bc80000,0x000000076bc80000,0x000000076bf80000)
 ParOldGen       total 73216K, used 57643K [0x00000006c2000000, 0x00000006c6780000, 0x000000076b580000)
  object space 73216K, 78% used [0x00000006c2000000,0x00000006c584ac08,0x00000006c6780000)
 Metaspace       used 23045K, capacity 24576K, committed 26368K, reserved 1073152K
  class space    used 2711K, capacity 3125K, committed 3584K, reserved 1048576K
GC Heap History (10 events):
Event: 7884.679 GC heap before
{Heap before GC invocations=3276 (full 3):
 PSYoungGen      total 7168K, used 4896K [0x000000076b580000, 0x000000076c100000, 0x00000007c0000000)
  eden space 4096K, 100% used [0x000000076b580000,0x000000076b980000,0x000000076b980000)
  from space 3072K, 26% used [0x000000076bd00000,0x000000076bdc8000,0x000000076c000000)
  to   space 3584K, 0% used [0x000000076b980000,0x000000076b980000,0x000000076bd00000)
 ParOldGen       total 73216K, used 57371K [0x00000006c2000000, 0x00000006c6780000, 0x000000076b580000)
  object space 73216K, 78% used [0x00000006c2000000,0x00000006c5806c08,0x00000006c6780000)
 Metaspace       used 23007K, capacity 24576K, committed 26368K, reserved 1073152K
  class space    used 2707K, capacity 3125K, committed 3584K, reserved 1048576K
Event: 7884.681 GC heap after
Heap after GC invocations=3276 (full 3):
 PSYoungGen      total 6144K, used 1920K [0x000000076b580000, 0x000000076bf80000, 0x00000007c0000000)
  eden space 4096K, 0% used [0x000000076b580000,0x000000076b580000,0x000000076b980000)
  from space 2048K, 93% used [0x000000076b980000,0x000000076bb60000,0x000000076bb80000)
  to   space 3072K, 0% used [0x000000076bc80000,0x000000076bc80000,0x000000076bf80000)
 ParOldGen       total 73216K, used 57459K [0x00000006c2000000, 0x00000006c6780000, 0x000000076b580000)
  object space 73216K, 78% used [0x00000006c2000000,0x00000006c581cc08,0x00000006c6780000)
 Metaspace       used 23007K, capacity 24576K, committed 26368K, reserved 1073152K
  class space    used 2707K, capacity 3125K, committed 3584K, reserved 1048576K
}
Event: 7885.548 GC heap before
{Heap before GC invocations=3277 (full 3):
 PSYoungGen      total 6144K, used 6014K [0x000000076b580000, 0x000000076bf80000, 0x00000007c0000000)
  eden space 4096K, 99% used [0x000000076b580000,0x000000076b97f968,0x000000076b980000)
  from space 2048K, 93% used [0x000000076b980000,0x000000076bb60000,0x000000076bb80000)
  to   space 3072K, 0% used [0x000000076bc80000,0x000000076bc80000,0x000000076bf80000)
 ParOldGen       total 73216K, used 57459K [0x00000006c2000000, 0x00000006c6780000, 0x000000076b580000)
  object space 73216K, 78% used [0x00000006c2000000,0x00000006c581cc08,0x00000006c6780000)
 Metaspace       used 23007K, capacity 24576K, committed 26368K, reserved 1073152K
  class space    used 2707K, capacity 3125K, committed 3584K, reserved 1048576K
Event: 7885.549 GC heap after
Heap after GC invocations=3277 (full 3):
 PSYoungGen      total 7168K, used 800K [0x000000076b580000, 0x000000076bf80000, 0x00000007c0000000)
  eden space 4096K, 0% used [0x000000076b580000,0x000000076b580000,0x000000076b980000)
  from space 3072K, 26% used [0x000000076bc80000,0x000000076bd48000,0x000000076bf80000)
  to   space 3072K, 0% used [0x000000076b980000,0x000000076b980000,0x000000076bc80000)
 ParOldGen       total 73216K, used 57491K [0x00000006c2000000, 0x00000006c6780000, 0x000000076b580000)
  object space 73216K, 78% used [0x00000006c2000000,0x00000006c5824c08,0x00000006c6780000)
 Metaspace       used 23007K, capacity 24576K, committed 26368K, reserved 1073152K
  class space    used 2707K, capacity 3125K, committed 3584K, reserved 1048576K
}
Event: 7887.759 GC heap before
{Heap before GC invocations=3278 (full 3):
 PSYoungGen      total 7168K, used 4896K [0x000000076b580000, 0x000000076bf80000, 0x00000007c0000000)
  eden space 4096K, 100% used [0x000000076b580000,0x000000076b980000,0x000000076b980000)
  from space 3072K, 26% used [0x000000076bc80000,0x000000076bd48000,0x000000076bf80000)
  to   space 3072K, 0% used [0x000000076b980000,0x000000076b980000,0x000000076bc80000)
 ParOldGen       total 73216K, used 57491K [0x00000006c2000000, 0x00000006c6780000, 0x000000076b580000)
  object space 73216K, 78% used [0x00000006c2000000,0x00000006c5824c08,0x00000006c6780000)
 Metaspace       used 23007K, capacity 24576K, committed 26368K, reserved 1073152K
  class space    used 2707K, capacity 3125K, committed 3584K, reserved 1048576K
Event: 7887.761 GC heap after
Heap after GC invocations=3278 (full 3):
 PSYoungGen      total 7168K, used 1664K [0x000000076b580000, 0x000000076bf80000, 0x00000007c0000000)
  eden space 4096K, 0% used [0x000000076b580000,0x000000076b580000,0x000000076b980000)
  from space 3072K, 54% used [0x000000076b980000,0x000000076bb20000,0x000000076bc80000)
  to   space 3072K, 0% used [0x000000076bc80000,0x000000076bc80000,0x000000076bf80000)
 ParOldGen       total 73216K, used 57499K [0x00000006c2000000, 0x00000006c6780000, 0x000000076b580000)
  object space 73216K, 78% used [0x00000006c2000000,0x00000006c5826c08,0x00000006c6780000)
 Metaspace       used 23007K, capacity 24576K, committed 26368K, reserved 1073152K
  class space    used 2707K, capacity 3125K, committed 3584K, reserved 1048576K
}
Event: 7890.276 GC heap before
{Heap before GC invocations=3279 (full 3):
 PSYoungGen      total 7168K, used 5760K [0x000000076b580000, 0x000000076bf80000, 0x00000007c0000000)
  eden space 4096K, 100% used [0x000000076b580000,0x000000076b980000,0x000000076b980000)
  from space 3072K, 54% used [0x000000076b980000,0x000000076bb20000,0x000000076bc80000)
  to   space 3072K, 0% used [0x000000076bc80000,0x000000076bc80000,0x000000076bf80000)
 ParOldGen       total 73216K, used 57499K [0x00000006c2000000, 0x00000006c6780000, 0x000000076b580000)
  object space 73216K, 78% used [0x00000006c2000000,0x00000006c5826c08,0x00000006c6780000)
 Metaspace       used 23007K, capacity 24576K, committed 26368K, reserved 1073152K
  class space    used 2707K, capacity 3125K, committed 3584K, reserved 1048576K
Event: 7890.279 GC heap after
Heap after GC invocations=3279 (full 3):
 PSYoungGen      total 7168K, used 1920K [0x000000076b580000, 0x000000076bf80000, 0x00000007c0000000)
  eden space 4096K, 0% used [0x000000076b580000,0x000000076b580000,0x000000076b980000)
  from space 3072K, 62% used [0x000000076bc80000,0x000000076be60000,0x000000076bf80000)
  to   space 3072K, 0% used [0x000000076b980000,0x000000076b980000,0x000000076bc80000)
 ParOldGen       total 73216K, used 57603K [0x00000006c2000000, 0x00000006c6780000, 0x000000076b580000)
  object space 73216K, 78% used [0x00000006c2000000,0x00000006c5840c08,0x00000006c6780000)
 Metaspace       used 23007K, capacity 24576K, committed 26368K, reserved 1073152K
  class space    used 2707K, capacity 3125K, committed 3584K, reserved 1048576K
}
Event: 7892.757 GC heap before
{Heap before GC invocations=3280 (full 3):
 PSYoungGen      total 7168K, used 6016K [0x000000076b580000, 0x000000076bf80000, 0x00000007c0000000)
  eden space 4096K, 100% used [0x000000076b580000,0x000000076b980000,0x000000076b980000)
  from space 3072K, 62% used [0x000000076bc80000,0x000000076be60000,0x000000076bf80000)
  to   space 3072K, 0% used [0x000000076b980000,0x000000076b980000,0x000000076bc80000)
 ParOldGen       total 73216K, used 57603K [0x00000006c2000000, 0x00000006c6780000, 0x000000076b580000)
  object space 73216K, 78% used [0x00000006c2000000,0x00000006c5840c08,0x00000006c6780000)
 Metaspace       used 23007K, capacity 24576K, committed 26368K, reserved 1073152K
  class space    used 2707K, capacity 3125K, committed 3584K, reserved 1048576K
Event: 7892.759 GC heap after
Heap after GC invocations=3280 (full 3):
 PSYoungGen      total 7168K, used 1888K [0x000000076b580000, 0x000000076bf80000, 0x00000007c0000000)
  eden space 4096K, 0% used [0x000000076b580000,0x000000076b580000,0x000000076b980000)
  from space 3072K, 61% used [0x000000076b980000,0x000000076bb58000,0x000000076bc80000)
  to   space 3072K, 0% used [0x000000076bc80000,0x000000076bc80000,0x000000076bf80000)
 ParOldGen       total 73216K, used 57643K [0x00000006c2000000, 0x00000006c6780000, 0x000000076b580000)
  object space 73216K, 78% used [0x00000006c2000000,0x00000006c584ac08,0x00000006c6780000)
 Metaspace       used 23007K, capacity 24576K, committed 26368K, reserved 1073152K
  class space    used 2707K, capacity 3125K, committed 3584K, reserved 1048576K
}

