# JRE version: Java(TM) SE Runtime Environment (8.0_461) (build 1.8.0_461-b11)
# Java VM: Java HotSpot(TM) 64-Bit Server VM (25.461-b11 mixed mode windows-amd64 compressed oops)
Heap:
 PSYoungGen      total 415232K, used 186745K [0x000000076b580000, 0x000000078c480000, 0x00000007c0000000)
  eden space 368640K, 40% used [0x000000076b580000,0x00000007746da4e8,0x0000000781d80000)
  from space 46592K, 81% used [0x0000000781d80000,0x0000000784284010,0x0000000784b00000)
  to   space 49664K, 0% used [0x0000000789400000,0x0000000789400000,0x000000078c480000)
 ParOldGen       total 90624K, used 52131K [0x00000006c2000000, 0x00000006c7880000, 0x000000076b580000)
  object space 90624K, 57% used [0x00000006c2000000,0x00000006c52e8fb8,0x00000006c7880000)
 Metaspace       used 25674K, capacity 27598K, committed 46336K, reserved 1085440K
  class space    used 2847K, capacity 3333K, committed 9728K, reserved 1048576K
GC Heap History (10 events):
Event: 7916.887 GC heap before
{Heap before GC invocations=5440 (full 17):
 PSYoungGen      total 294400K, used 289120K [0x000000076b580000, 0x000000077fa80000, 0x00000007c0000000)
  eden space 262144K, 100% used [0x000000076b580000,0x000000077b580000,0x000000077b580000)
  from space 32256K, 83% used [0x000000077d700000,0x000000077f158000,0x000000077f680000)
  to   space 34304K, 0% used [0x000000077b580000,0x000000077b580000,0x000000077d700000)
 ParOldGen       total 90624K, used 48539K [0x00000006c2000000, 0x00000006c7880000, 0x000000076b580000)
  object space 90624K, 53% used [0x00000006c2000000,0x00000006c4f66fb8,0x00000006c7880000)
 Metaspace       used 25606K, capacity 27536K, committed 46336K, reserved 1085440K
  class space    used 2836K, capacity 3318K, committed 9728K, reserved 1048576K
Event: 7916.919 GC heap after
Heap after GC invocations=5440 (full 17):
 PSYoungGen      total 296448K, used 31104K [0x000000076b580000, 0x0000000783200000, 0x00000007c0000000)
  eden space 262144K, 0% used [0x000000076b580000,0x000000076b580000,0x000000077b580000)
  from space 34304K, 90% used [0x000000077b580000,0x000000077d3e0000,0x000000077d700000)
  to   space 37888K, 0% used [0x0000000780d00000,0x0000000780d00000,0x0000000783200000)
 ParOldGen       total 90624K, used 48899K [0x00000006c2000000, 0x00000006c7880000, 0x000000076b580000)
  object space 90624K, 53% used [0x00000006c2000000,0x00000006c4fc0fb8,0x00000006c7880000)
 Metaspace       used 25606K, capacity 27536K, committed 46336K, reserved 1085440K
  class space    used 2836K, capacity 3318K, committed 9728K, reserved 1048576K
}
Event: 7920.034 GC heap before
{Heap before GC invocations=5441 (full 17):
 PSYoungGen      total 296448K, used 293248K [0x000000076b580000, 0x0000000783200000, 0x00000007c0000000)
  eden space 262144K, 100% used [0x000000076b580000,0x000000077b580000,0x000000077b580000)
  from space 34304K, 90% used [0x000000077b580000,0x000000077d3e0000,0x000000077d700000)
  to   space 37888K, 0% used [0x0000000780d00000,0x0000000780d00000,0x0000000783200000)
 ParOldGen       total 90624K, used 48899K [0x00000006c2000000, 0x00000006c7880000, 0x000000076b580000)
  object space 90624K, 53% used [0x00000006c2000000,0x00000006c4fc0fb8,0x00000006c7880000)
 Metaspace       used 25610K, capacity 27550K, committed 46336K, reserved 1085440K
  class space    used 2836K, capacity 3319K, committed 9728K, reserved 1048576K
Event: 7920.067 GC heap after
Heap after GC invocations=5441 (full 17):
 PSYoungGen      total 349184K, used 31456K [0x000000076b580000, 0x0000000783700000, 0x00000007c0000000)
  eden space 311296K, 0% used [0x000000076b580000,0x000000076b580000,0x000000077e580000)
  from space 37888K, 83% used [0x0000000780d00000,0x0000000782bb8000,0x0000000783200000)
  to   space 40448K, 0% used [0x000000077e580000,0x000000077e580000,0x0000000780d00000)
 ParOldGen       total 90624K, used 49739K [0x00000006c2000000, 0x00000006c7880000, 0x000000076b580000)
  object space 90624K, 54% used [0x00000006c2000000,0x00000006c5092fb8,0x00000006c7880000)
 Metaspace       used 25610K, capacity 27550K, committed 46336K, reserved 1085440K
  class space    used 2836K, capacity 3319K, committed 9728K, reserved 1048576K
}
Event: 7923.686 GC heap before
{Heap before GC invocations=5442 (full 17):
 PSYoungGen      total 349184K, used 342752K [0x000000076b580000, 0x0000000783700000, 0x00000007c0000000)
  eden space 311296K, 100% used [0x000000076b580000,0x000000077e580000,0x000000077e580000)
  from space 37888K, 83% used [0x0000000780d00000,0x0000000782bb8000,0x0000000783200000)
  to   space 40448K, 0% used [0x000000077e580000,0x000000077e580000,0x0000000780d00000)
 ParOldGen       total 90624K, used 49739K [0x00000006c2000000, 0x00000006c7880000, 0x000000076b580000)
  object space 90624K, 54% used [0x00000006c2000000,0x00000006c5092fb8,0x00000006c7880000)
 Metaspace       used 25614K, capacity 27556K, committed 46336K, reserved 1085440K
  class space    used 2838K, capacity 3322K, committed 9728K, reserved 1048576K
Event: 7923.721 GC heap after
Heap after GC invocations=5442 (full 17):
 PSYoungGen      total 351744K, used 33088K [0x000000076b580000, 0x0000000787500000, 0x00000007c0000000)
  eden space 311296K, 0% used [0x000000076b580000,0x000000076b580000,0x000000077e580000)
  from space 40448K, 81% used [0x000000077e580000,0x00000007805d0000,0x0000000780d00000)
  to   space 43008K, 0% used [0x0000000784b00000,0x0000000784b00000,0x0000000787500000)
 ParOldGen       total 90624K, used 50531K [0x00000006c2000000, 0x00000006c7880000, 0x000000076b580000)
  object space 90624K, 55% used [0x00000006c2000000,0x00000006c5158fb8,0x00000006c7880000)
 Metaspace       used 25614K, capacity 27556K, committed 46336K, reserved 1085440K
  class space    used 2838K, capacity 3322K, committed 9728K, reserved 1048576K
}
Event: 7927.389 GC heap before
{Heap before GC invocations=5443 (full 17):
 PSYoungGen      total 351744K, used 344384K [0x000000076b580000, 0x0000000787500000, 0x00000007c0000000)
  eden space 311296K, 100% used [0x000000076b580000,0x000000077e580000,0x000000077e580000)
  from space 40448K, 81% used [0x000000077e580000,0x00000007805d0000,0x0000000780d00000)
  to   space 43008K, 0% used [0x0000000784b00000,0x0000000784b00000,0x0000000787500000)
 ParOldGen       total 90624K, used 50531K [0x00000006c2000000, 0x00000006c7880000, 0x000000076b580000)
  object space 90624K, 55% used [0x00000006c2000000,0x00000006c5158fb8,0x00000006c7880000)
 Metaspace       used 25627K, capacity 27586K, committed 46336K, reserved 1085440K
  class space    used 2841K, capacity 3329K, committed 9728K, reserved 1048576K
Event: 7927.429 GC heap after
Heap after GC invocations=5443 (full 17):
 PSYoungGen      total 411648K, used 36512K [0x000000076b580000, 0x0000000787c00000, 0x00000007c0000000)
  eden space 368640K, 0% used [0x000000076b580000,0x000000076b580000,0x0000000781d80000)
  from space 43008K, 84% used [0x0000000784b00000,0x0000000786ea8000,0x0000000787500000)
  to   space 46592K, 0% used [0x0000000781d80000,0x0000000781d80000,0x0000000784b00000)
 ParOldGen       total 90624K, used 51259K [0x00000006c2000000, 0x00000006c7880000, 0x000000076b580000)
  object space 90624K, 56% used [0x00000006c2000000,0x00000006c520efb8,0x00000006c7880000)
 Metaspace       used 25627K, capacity 27586K, committed 46336K, reserved 1085440K
  class space    used 2841K, capacity 3329K, committed 9728K, reserved 1048576K
}
Event: 7931.190 GC heap before
{Heap before GC invocations=5444 (full 17):
 PSYoungGen      total 411648K, used 405152K [0x000000076b580000, 0x0000000787c00000, 0x00000007c0000000)
  eden space 368640K, 100% used [0x000000076b580000,0x0000000781d80000,0x0000000781d80000)
  from space 43008K, 84% used [0x0000000784b00000,0x0000000786ea8000,0x0000000787500000)
  to   space 46592K, 0% used [0x0000000781d80000,0x0000000781d80000,0x0000000784b00000)
 ParOldGen       total 90624K, used 51259K [0x00000006c2000000, 0x00000006c7880000, 0x000000076b580000)
  object space 90624K, 56% used [0x00000006c2000000,0x00000006c520efb8,0x00000006c7880000)
 Metaspace       used 25633K, capacity 27598K, committed 46336K, reserved 1085440K
  class space    used 2843K, capacity 3333K, committed 9728K, reserved 1048576K
Event: 7931.228 GC heap after
Heap after GC invocations=5444 (full 17):
 PSYoungGen      total 415232K, used 37904K [0x000000076b580000, 0x000000078c480000, 0x00000007c0000000)
  eden space 368640K, 0% used [0x000000076b580000,0x000000076b580000,0x0000000781d80000)
  from space 46592K, 81% used [0x0000000781d80000,0x0000000784284010,0x0000000784b00000)
  to   space 49664K, 0% used [0x0000000789400000,0x0000000789400000,0x000000078c480000)
 ParOldGen       total 90624K, used 52131K [0x00000006c2000000, 0x00000006c7880000, 0x000000076b580000)
  object space 90624K, 57% used [0x00000006c2000000,0x00000006c52e8fb8,0x00000006c7880000)
 Metaspace       used 25633K, capacity 27598K, committed 46336K, reserved 1085440K
  class space    used 2843K, capacity 3333K, committed 9728K, reserved 1048576K
}

